2026-03-24 08:45:05 | INFO     | database.db:28 - Database initialized
2026-03-24 08:46:38 | DEBUG    | data.feed:284 - Fetching AAPL (stock) [1h]
2026-03-24 08:46:39 | INFO     | database.db:28 - Database initialized
2026-03-24 08:46:39 | DEBUG    | database.ohlcv_store:157 - OHLCVStore: stored 500 bars for AAPL 1h
2026-03-24 08:46:51 | DEBUG    | data.feed:284 - Fetching MSFT (stock) [1h]
2026-03-24 08:46:52 | DEBUG    | database.ohlcv_store:157 - OHLCVStore: stored 500 bars for MSFT 1h
2026-03-24 08:47:00 | DEBUG    | data.feed:284 - Fetching EURUSD=X (forex) [1h]
2026-03-24 08:47:01 | DEBUG    | database.ohlcv_store:157 - OHLCVStore: stored 500 bars for EURUSD=X 1h
2026-03-24 08:52:45 | INFO     | database.db:28 - Database initialized
2026-03-24 08:52:48 | DEBUG    | data.feed:284 - Fetching AAPL (stock) [1h]
2026-03-24 08:52:48 | DEBUG    | data.feed:114 - Cache hit: AAPL 1h
2026-03-24 08:52:48 | INFO     | database.db:28 - Database initialized
2026-03-24 08:52:48 | DEBUG    | database.ohlcv_store:157 - OHLCVStore: stored 500 bars for AAPL 1h
2026-03-24 09:19:04 | INFO     | database.db:28 - Database initialized
2026-03-24 09:19:11 | DEBUG    | data.feed:284 - Fetching AAPL (stock) [1h]
2026-03-24 09:19:11 | DEBUG    | data.feed:114 - Cache hit: AAPL 1h
2026-03-24 09:19:11 | INFO     | database.db:28 - Database initialized
2026-03-24 09:19:11 | DEBUG    | database.ohlcv_store:157 - OHLCVStore: stored 500 bars for AAPL 1h
2026-03-24 09:19:21 | DEBUG    | data.feed:284 - Fetching EURUSD=X (forex) [1h]
2026-03-24 09:19:21 | DEBUG    | data.feed:114 - Cache hit: EURUSD=X 1h
2026-03-24 09:19:21 | DEBUG    | database.ohlcv_store:157 - OHLCVStore: stored 500 bars for EURUSD=X 1h
2026-03-24 09:27:45 | INFO     | database.db:28 - Database initialized
2026-03-24 09:27:51 | DEBUG    | data.feed:284 - Fetching AAPL (stock) [1h]
2026-03-24 09:27:51 | DEBUG    | data.feed:114 - Cache hit: AAPL 1h
2026-03-24 09:27:52 | INFO     | database.db:28 - Database initialized
2026-03-24 09:27:52 | DEBUG    | database.ohlcv_store:157 - OHLCVStore: stored 500 bars for AAPL 1h
2026-03-24 09:28:00 | DEBUG    | data.feed:284 - Fetching EURUSD=X (forex) [1h]
2026-03-24 09:28:00 | DEBUG    | data.feed:114 - Cache hit: EURUSD=X 1h
2026-03-24 09:28:00 | DEBUG    | database.ohlcv_store:157 - OHLCVStore: stored 500 bars for EURUSD=X 1h
2026-03-24 09:28:37 | DEBUG    | data.feed:284 - Fetching AAPL (stock) [1h]
2026-03-24 09:28:37 | DEBUG    | data.feed:114 - Cache hit: AAPL 1h
2026-03-24 09:28:41 | ERROR    | gui.panels.backtest_panel:136 - _build_strategy error: [WinError 1114] Routine di inizializzazione della libreria di collegamento dinamico (DLL) non riuscita. Error loading "C:\Users\thisi\AppData\Roaming\Python\Python314\site-packages\torch\lib\c10.dll" or one of its dependencies.
2026-03-24 10:18:16 | INFO     | database.db:28 - Database initialized
2026-03-24 10:18:22 | DEBUG    | data.feed:284 - Fetching AAPL (stock) [1h]
2026-03-24 10:18:29 | DEBUG    | data.feed:284 - Fetching AAPL (stock) [1h]
2026-03-24 10:18:35 | INFO     | database.db:28 - Database initialized
2026-03-24 10:18:35 | INFO     | database.db:28 - Database initialized
2026-03-24 10:18:35 | DEBUG    | database.ohlcv_store:163 - OHLCVStore: stored 500 bars for AAPL 1h
2026-03-24 10:18:36 | DEBUG    | database.ohlcv_store:163 - OHLCVStore: stored 500 bars for AAPL 1h
2026-03-24 10:20:34 | DEBUG    | data.feed:284 - Fetching AAPL (stock) [1d]
2026-03-24 10:20:37 | DEBUG    | database.ohlcv_store:163 - OHLCVStore: stored 500 bars for AAPL 1d
2026-03-24 10:22:46 | ERROR    | data.feed:168 - Quote error for AAPL: 'NoneType' object is not subscriptable
2026-03-24 10:28:43 | ERROR    | data.feed:168 - Quote error for AMZN: 'NoneType' object is not subscriptable
2026-03-24 10:28:43 | ERROR    | data.feed:168 - Quote error for GOOGL: 'NoneType' object is not subscriptable
2026-03-24 10:29:35 | ERROR    | data.feed:168 - Quote error for SPY: 'NoneType' object is not subscriptable
2026-03-24 11:01:39 | INFO     | database.db:28 - Database initialized
2026-03-24 11:01:44 | DEBUG    | data.feed:332 - Fetching AAPL (stock) [1h]
2026-03-24 11:01:44 | INFO     | database.db:28 - Database initialized
2026-03-24 11:01:44 | INFO     | data.feed:359 - Incremental update: AAPL 1h since 2026-03-23
2026-03-24 11:01:49 | DEBUG    | database.ohlcv_store:163 - OHLCVStore: stored 7 bars for AAPL 1h
2026-03-24 11:15:45 | INFO     | database.db:28 - Database initialized
2026-03-24 11:15:54 | DEBUG    | data.feed:337 - Fetching AAPL (stock) [1h] limit=ALL
2026-03-24 11:15:54 | INFO     | database.db:28 - Database initialized
2026-03-24 11:15:54 | INFO     | data.feed:369 - Incremental update: AAPL 1h since 2026-03-23
2026-03-24 11:15:56 | DEBUG    | database.ohlcv_store:163 - OHLCVStore: stored 7 bars for AAPL 1h
2026-03-24 11:16:02 | WARNING  | models.lstm_model:31 - PyTorch DLL error (Python 3.14 non supportato) — LSTM disabilitato. Usa Python 3.12: [WinError 1114] Routine di inizializzazione della libreria di collegamento dinamico (DLL) non riuscita. Error loading "C:\Users\thisi\OneDrive\Dokument\GitHub\tradingia\.venv312\Lib\site-packages\torch\lib\c10.dll" or one of its dependencies.
2026-03-24 11:16:02 | INFO     | strategies.strategy_manager:49 - Strategy manager loaded 6 strategies
2026-03-24 11:16:05 | DEBUG    | data.fundamental:185 - AAPL: fondamentali da yfinance
2026-03-24 11:16:05 | INFO     | database.db:28 - Database initialized
2026-03-24 11:16:05 | DEBUG    | database.ai_store:70 - AIConfigStore: saved config for AAPL
2026-03-24 11:16:05 | DEBUG    | database.ai_store:133 - AIConfigStore: saved selector weights for AAPL
2026-03-24 11:16:05 | DEBUG    | database.ai_store:183 - AIConfigStore: saved 0 meta-learner samples for AAPL
2026-03-24 11:30:51 | INFO     | database.db:28 - Database initialized
2026-03-24 11:30:57 | DEBUG    | data.feed:337 - Fetching AAPL (stock) [1h] limit=ALL
2026-03-24 11:30:57 | INFO     | database.db:28 - Database initialized
2026-03-24 11:30:57 | INFO     | data.feed:369 - Incremental update: AAPL 1h since 2026-03-23
2026-03-24 11:31:04 | DEBUG    | database.ohlcv_store:163 - OHLCVStore: stored 7 bars for AAPL 1h
2026-03-24 11:31:17 | WARNING  | models.lstm_model:31 - PyTorch DLL error — probabilmente versione CUDA senza CUDA installato. Fix: pip install torch --index-url https://download.pytorch.org/whl/cpu --force-reinstall
2026-03-24 11:31:17 | INFO     | strategies.strategy_manager:49 - Strategy manager loaded 6 strategies
2026-03-24 11:31:21 | DEBUG    | data.fundamental:185 - AAPL: fondamentali da yfinance
2026-03-24 11:31:21 | INFO     | database.db:28 - Database initialized
2026-03-24 11:31:21 | DEBUG    | database.ai_store:70 - AIConfigStore: saved config for AAPL
2026-03-24 11:31:21 | DEBUG    | database.ai_store:133 - AIConfigStore: saved selector weights for AAPL
2026-03-24 11:31:21 | DEBUG    | database.ai_store:183 - AIConfigStore: saved 0 meta-learner samples for AAPL
2026-03-24 11:32:29 | DEBUG    | data.feed:337 - Fetching AAPL (stock) [1h] limit=4320
2026-03-24 11:32:29 | INFO     | data.feed:369 - Incremental update: AAPL 1h since 2026-03-23
2026-03-24 11:32:30 | DEBUG    | database.ohlcv_store:163 - OHLCVStore: stored 7 bars for AAPL 1h
2026-03-24 11:32:30 | INFO     | backtesting.backtester:150 - Backtesting AAPL | trend_following...
2026-03-24 11:32:40 | INFO     | backtesting.backtester:260 - 
============================================================
BACKTEST: AAPL | trend_following | 1h
Period: 2025-12-08 → 2026-03-23
────────────────────────────────────────────────────────────
Total Return:     +2.91%
Annual Return:    +47.00%
Sharpe Ratio:     2.532
Sortino Ratio:    0.000
Max Drawdown:     -2.23%
Win Rate:         66.7%
Profit Factor:    2.31
Total Trades:     3
Avg Win:          +2.27%
Avg Loss:         -1.77%
Final Capital:    $10,290.79
============================================================
2026-03-24 11:33:03 | DEBUG    | data.feed:337 - Fetching AAPL (stock) [1h] limit=4320
2026-03-24 11:33:03 | INFO     | data.feed:369 - Incremental update: AAPL 1h since 2026-03-23
2026-03-24 11:33:06 | DEBUG    | database.ohlcv_store:163 - OHLCVStore: stored 7 bars for AAPL 1h
2026-03-24 11:33:06 | INFO     | backtesting.backtester:150 - Backtesting AAPL | trend_following...
2026-03-24 11:33:16 | INFO     | backtesting.backtester:260 - 
============================================================
BACKTEST: AAPL | trend_following | 1h
Period: 2025-12-08 → 2026-03-23
────────────────────────────────────────────────────────────
Total Return:     +2.91%
Annual Return:    +47.00%
Sharpe Ratio:     2.532
Sortino Ratio:    0.000
Max Drawdown:     -2.23%
Win Rate:         66.7%
Profit Factor:    2.31
Total Trades:     3
Avg Win:          +2.27%
Avg Loss:         -1.77%
Final Capital:    $1,029.08
============================================================
2026-03-24 11:33:26 | DEBUG    | data.feed:337 - Fetching AAPL (stock) [1h] limit=4320
2026-03-24 11:33:26 | INFO     | data.feed:369 - Incremental update: AAPL 1h since 2026-03-23
2026-03-24 11:33:28 | DEBUG    | database.ohlcv_store:163 - OHLCVStore: stored 7 bars for AAPL 1h
2026-03-24 11:33:28 | ERROR    | gui.panels.backtest_panel:136 - _build_strategy error: strategies.base_strategy.BaseStrategy.__init__() got multiple values for keyword argument 'timeframe'
2026-03-24 11:33:35 | DEBUG    | data.feed:337 - Fetching AAPL (stock) [1h] limit=4320
2026-03-24 11:33:35 | INFO     | data.feed:369 - Incremental update: AAPL 1h since 2026-03-23
2026-03-24 11:33:37 | DEBUG    | database.ohlcv_store:163 - OHLCVStore: stored 7 bars for AAPL 1h
2026-03-24 11:33:37 | INFO     | backtesting.backtester:150 - Backtesting AAPL | mean_reversion...
2026-03-24 11:33:47 | INFO     | backtesting.backtester:260 - 
============================================================
BACKTEST: AAPL | mean_reversion | 1h
Period: 2025-12-08 → 2026-03-23
────────────────────────────────────────────────────────────
Total Return:     -17.09%
Annual Return:    -91.95%
Sharpe Ratio:     -5.354
Sortino Ratio:    -46.233
Max Drawdown:     -18.51%
Win Rate:         25.0%
Profit Factor:    0.49
Total Trades:     20
Avg Win:          +2.22%
Avg Loss:         -1.18%
Final Capital:    $829.07
============================================================
2026-03-24 11:33:54 | DEBUG    | data.feed:337 - Fetching AAPL (stock) [1h] limit=4320
2026-03-24 11:33:54 | INFO     | data.feed:369 - Incremental update: AAPL 1h since 2026-03-23
2026-03-24 11:33:56 | DEBUG    | database.ohlcv_store:163 - OHLCVStore: stored 7 bars for AAPL 1h
2026-03-24 11:33:56 | INFO     | backtesting.backtester:150 - Backtesting AAPL | breakout...
2026-03-24 11:34:02 | INFO     | backtesting.backtester:260 - 
============================================================
BACKTEST: AAPL | breakout | 1h
Period: 2025-12-08 → 2026-03-23
────────────────────────────────────────────────────────────
Total Return:     +22.08%
Annual Return:    +1359.99%
Sharpe Ratio:     6.465
Sortino Ratio:    74.224
Max Drawdown:     -2.29%
Win Rate:         64.3%
Profit Factor:    2.76
Total Trades:     14
Avg Win:          +2.99%
Avg Loss:         -1.70%
Final Capital:    $1,220.77
============================================================
2026-03-24 11:34:10 | DEBUG    | data.feed:337 - Fetching AAPL (stock) [1h] limit=4320
2026-03-24 11:34:10 | INFO     | data.feed:369 - Incremental update: AAPL 1h since 2026-03-23
2026-03-24 11:34:12 | DEBUG    | database.ohlcv_store:163 - OHLCVStore: stored 7 bars for AAPL 1h
2026-03-24 11:34:12 | INFO     | backtesting.backtester:150 - Backtesting AAPL | ai_ensemble...
2026-03-24 11:34:12 | INFO     | backtesting.backtester:260 - 
============================================================
BACKTEST: AAPL | ai_ensemble | 1h
Period: 2025-12-08 → 2026-03-23
────────────────────────────────────────────────────────────
Total Return:     +0.00%
Annual Return:    +0.00%
Sharpe Ratio:     0.000
Sortino Ratio:    0.000
Max Drawdown:     -0.00%
Win Rate:         0.0%
Profit Factor:    0.00
Total Trades:     0
Avg Win:          +0.00%
Avg Loss:         +0.00%
Final Capital:    $1,000.00
============================================================
2026-03-24 11:45:00 | INFO     | database.db:28 - Database initialized
2026-03-24 11:49:47 | DEBUG    | data.feed:337 - Fetching AAPL (stock) [1h] limit=ALL
2026-03-24 11:49:47 | INFO     | database.db:28 - Database initialized
2026-03-24 11:49:47 | INFO     | data.feed:369 - Incremental update: AAPL 1h since 2026-03-23
2026-03-24 11:49:49 | DEBUG    | database.ohlcv_store:163 - OHLCVStore: stored 7 bars for AAPL 1h
2026-03-24 11:49:56 | WARNING  | models.lstm_model:31 - PyTorch DLL error — probabilmente versione CUDA senza CUDA installato. Fix: pip install torch --index-url https://download.pytorch.org/whl/cpu --force-reinstall
2026-03-24 11:49:56 | INFO     | strategies.strategy_manager:49 - Strategy manager loaded 6 strategies
2026-03-24 11:49:58 | DEBUG    | data.fundamental:185 - AAPL: fondamentali da yfinance
2026-03-24 11:49:58 | INFO     | database.db:28 - Database initialized
2026-03-24 11:49:58 | DEBUG    | database.ai_store:70 - AIConfigStore: saved config for AAPL
2026-03-24 11:49:58 | DEBUG    | database.ai_store:133 - AIConfigStore: saved selector weights for AAPL
2026-03-24 11:49:58 | DEBUG    | database.ai_store:183 - AIConfigStore: saved 0 meta-learner samples for AAPL
2026-03-24 11:51:24 | DEBUG    | data.feed:337 - Fetching AAPL (stock) [1h] limit=4320
2026-03-24 11:51:24 | INFO     | data.feed:369 - Incremental update: AAPL 1h since 2026-03-23
2026-03-24 11:51:26 | DEBUG    | database.ohlcv_store:163 - OHLCVStore: stored 7 bars for AAPL 1h
2026-03-24 11:51:26 | INFO     | backtesting.backtester:150 - Backtesting AAPL | trend_following...
2026-03-24 11:51:37 | INFO     | backtesting.backtester:260 - 
============================================================
BACKTEST: AAPL | trend_following | 1h
Period: 2025-12-08 → 2026-03-23
────────────────────────────────────────────────────────────
Total Return:     +2.91%
Annual Return:    +47.00%
Sharpe Ratio:     2.532
Sortino Ratio:    0.000
Max Drawdown:     -2.23%
Win Rate:         66.7%
Profit Factor:    2.31
Total Trades:     3
Avg Win:          +2.27%
Avg Loss:         -1.77%
Final Capital:    $10,290.79
============================================================
2026-03-24 11:51:42 | INFO     | strategies.strategy_manager:49 - Strategy manager loaded 6 strategies
2026-03-24 11:51:42 | DEBUG    | database.ai_store:70 - AIConfigStore: saved config for AAPL
2026-03-24 11:51:42 | DEBUG    | database.ai_store:133 - AIConfigStore: saved selector weights for AAPL
2026-03-24 11:51:42 | DEBUG    | database.ai_store:183 - AIConfigStore: saved 0 meta-learner samples for AAPL
2026-03-24 11:51:53 | DEBUG    | data.feed:337 - Fetching MSFT (stock) [1h] limit=ALL
2026-03-24 11:51:53 | INFO     | data.feed:369 - Incremental update: MSFT 1h since 2026-03-23
2026-03-24 11:51:54 | DEBUG    | database.ohlcv_store:163 - OHLCVStore: stored 7 bars for MSFT 1h
2026-03-24 11:51:54 | INFO     | strategies.strategy_manager:49 - Strategy manager loaded 6 strategies
2026-03-24 11:51:55 | DEBUG    | data.fundamental:185 - MSFT: fondamentali da yfinance
2026-03-24 11:51:55 | DEBUG    | database.ai_store:70 - AIConfigStore: saved config for MSFT
2026-03-24 11:51:55 | DEBUG    | database.ai_store:133 - AIConfigStore: saved selector weights for MSFT
2026-03-24 11:51:55 | DEBUG    | database.ai_store:183 - AIConfigStore: saved 0 meta-learner samples for MSFT
2026-03-24 11:51:57 | DEBUG    | data.feed:337 - Fetching AAPL (stock) [1h] limit=4320
2026-03-24 11:51:57 | INFO     | data.feed:369 - Incremental update: AAPL 1h since 2026-03-23
2026-03-24 11:51:58 | DEBUG    | database.ohlcv_store:163 - OHLCVStore: stored 7 bars for AAPL 1h
2026-03-24 11:51:58 | INFO     | backtesting.backtester:150 - Backtesting AAPL | trend_following...
2026-03-24 11:52:09 | INFO     | backtesting.backtester:260 - 
============================================================
BACKTEST: AAPL | trend_following | 1h
Period: 2025-12-08 → 2026-03-23
────────────────────────────────────────────────────────────
Total Return:     +2.91%
Annual Return:    +47.00%
Sharpe Ratio:     2.532
Sortino Ratio:    0.000
Max Drawdown:     -2.23%
Win Rate:         66.7%
Profit Factor:    2.31
Total Trades:     3
Avg Win:          +2.27%
Avg Loss:         -1.77%
Final Capital:    $10,290.79
============================================================
2026-03-24 13:17:00 | DEBUG    | data.feed:337 - Fetching AAPL (stock) [1h] limit=ALL
2026-03-24 13:17:00 | INFO     | database.db:28 - Database initialized
2026-03-24 13:17:00 | INFO     | data.feed:369 - Incremental update: AAPL 1h since 2026-03-23
2026-03-24 13:17:01 | DEBUG    | database.ohlcv_store:163 - OHLCVStore: stored 7 bars for AAPL 1h
2026-03-24 13:17:01 | DEBUG    | data.feed:337 - Fetching AAPL (stock) [1d] limit=ALL
2026-03-24 13:17:01 | INFO     | data.feed:369 - Incremental update: AAPL 1d since 2026-03-23
2026-03-24 13:17:01 | DEBUG    | database.ohlcv_store:163 - OHLCVStore: stored 1 bars for AAPL 1d
2026-03-24 13:18:52 | INFO     | database.db:28 - Database initialized
